{
  "stats": {
    "suites": 1,
    "tests": 4,
    "passes": 4,
    "pending": 0,
    "failures": 0,
    "start": "2022-09-08T08:21:06.555Z",
    "end": "2022-09-08T08:21:18.147Z",
    "duration": 11592,
    "testsRegistered": 4,
    "passPercent": 100,
    "pendingPercent": 0,
    "other": 0,
    "hasOther": false,
    "skipped": 0,
    "hasSkipped": false
  },
  "results": [
    {
      "uuid": "cc58bb05-062d-485f-8680-5d5cf7188a86",
      "title": "",
      "fullFile": "cypress/e2e/search-for-character.cy.ts",
      "file": "cypress/e2e/search-for-character.cy.ts",
      "beforeHooks": [],
      "afterHooks": [],
      "tests": [],
      "suites": [
        {
          "uuid": "31a44fc4-e090-47c1-b8ab-e845878ecb50",
          "title": "Search for character",
          "fullFile": "",
          "file": "",
          "beforeHooks": [],
          "afterHooks": [],
          "tests": [
            {
              "title": "should find a valid character",
              "fullTitle": "Search for character should find a valid character",
              "timedOut": null,
              "duration": 2982,
              "state": "passed",
              "speed": "fast",
              "pass": true,
              "fail": false,
              "pending": false,
              "context": null,
              "code": "cy.visit('/');\ncy.get('#query').type('luke');\ncy.get('[type=\"submit\"]').click();\ncy.get('#character_name').should('contain', 'Luke Skywalker');",
              "err": {},
              "uuid": "50d4d934-a3e5-495f-8d22-5dbe0adc4df2",
              "parentUUID": "31a44fc4-e090-47c1-b8ab-e845878ecb50",
              "isHook": false,
              "skipped": false
            },
            {
              "title": "should return not found for invalid character",
              "fullTitle": "Search for character should return not found for invalid character",
              "timedOut": null,
              "duration": 2716,
              "state": "passed",
              "speed": "fast",
              "pass": true,
              "fail": false,
              "pending": false,
              "context": null,
              "code": "cy.visit('/');\ncy.get('#query').type('invalid');\ncy.get('[type=\"submit\"]').click();\ncy.get('#message').should('contain', 'Not found.');",
              "err": {},
              "uuid": "5fa43af9-a5b2-46e6-aebd-efdbbdcddc88",
              "parentUUID": "31a44fc4-e090-47c1-b8ab-e845878ecb50",
              "isHook": false,
              "skipped": false
            },
            {
              "title": "search for character by pressing enter",
              "fullTitle": "Search for character search for character by pressing enter",
              "timedOut": null,
              "duration": 2559,
              "state": "passed",
              "speed": "fast",
              "pass": true,
              "fail": false,
              "pending": false,
              "context": null,
              "code": "cy.visit('/');\ncy.get('#query').type('luke').type('{enter}');\ncy.get('#character_name').should('contain', 'Luke Skywalker');",
              "err": {},
              "uuid": "6a6894d3-88a9-42c1-bfe6-64ba80934d4f",
              "parentUUID": "31a44fc4-e090-47c1-b8ab-e845878ecb50",
              "isHook": false,
              "skipped": false
            },
            {
              "title": "switch to search for a character with a planet name",
              "fullTitle": "Search for character switch to search for a character with a planet name",
              "timedOut": null,
              "duration": 3292,
              "state": "passed",
              "speed": "fast",
              "pass": true,
              "fail": false,
              "pending": false,
              "context": null,
              "code": "cy.visit('/');\ncy.get('input[value=\"planets\"]').check();\ncy.get('#query').type('Alderaan').type('{enter}');\n;\ncy.get('app-planet').should('have.length', 1);\ncy.get('input[value=\"people\"]').check();\ncy.get('[type=\"submit\"]').click();\ncy.get('#message').should('contain', 'Not found.');",
              "err": {},
              "uuid": "ec09a465-ad28-46a5-a268-11431c505ac7",
              "parentUUID": "31a44fc4-e090-47c1-b8ab-e845878ecb50",
              "isHook": false,
              "skipped": false
            }
          ],
          "suites": [],
          "passes": [
            "50d4d934-a3e5-495f-8d22-5dbe0adc4df2",
            "5fa43af9-a5b2-46e6-aebd-efdbbdcddc88",
            "6a6894d3-88a9-42c1-bfe6-64ba80934d4f",
            "ec09a465-ad28-46a5-a268-11431c505ac7"
          ],
          "failures": [],
          "pending": [],
          "skipped": [],
          "duration": 11549,
          "root": false,
          "rootEmpty": false,
          "_timeout": 2000
        }
      ],
      "passes": [],
      "failures": [],
      "pending": [],
      "skipped": [],
      "duration": 0,
      "root": true,
      "rootEmpty": true,
      "_timeout": 2000
    }
  ],
  "meta": {
    "mocha": {
      "version": "7.0.1"
    },
    "mochawesome": {
      "options": {
        "quiet": false,
        "reportFilename": "mochawesome",
        "saveHtml": false,
        "saveJson": true,
        "consoleReporter": "spec",
        "useInlineDiffs": false,
        "code": true
      },
      "version": "7.1.3"
    },
    "marge": {
      "options": {
        "reportDir": "cypress/results",
        "overwrite": false,
        "html": false,
        "json": true
      },
      "version": "6.2.0"
    }
  }
}