{
  "stats": {
    "suites": 1,
    "tests": 3,
    "passes": 3,
    "pending": 0,
    "failures": 0,
    "start": "2022-09-08T08:21:20.400Z",
    "end": "2022-09-08T08:21:28.480Z",
    "duration": 8080,
    "testsRegistered": 3,
    "passPercent": 100,
    "pendingPercent": 0,
    "other": 0,
    "hasOther": false,
    "skipped": 0,
    "hasSkipped": false
  },
  "results": [
    {
      "uuid": "97de8bb4-bc81-4b6e-9dd7-cb65cfb69546",
      "title": "",
      "fullFile": "cypress/e2e/search-for-planet.cy.ts",
      "file": "cypress/e2e/search-for-planet.cy.ts",
      "beforeHooks": [],
      "afterHooks": [],
      "tests": [],
      "suites": [
        {
          "uuid": "9905454f-6b9a-4827-8447-4468f80b4bcb",
          "title": "Search for planet",
          "fullFile": "",
          "file": "",
          "beforeHooks": [],
          "afterHooks": [],
          "tests": [
            {
              "title": "should find a valid planet",
              "fullTitle": "Search for planet should find a valid planet",
              "timedOut": null,
              "duration": 1674,
              "state": "passed",
              "speed": "fast",
              "pass": true,
              "fail": false,
              "pending": false,
              "context": null,
              "code": "cy.visit('/');\ncy.get('input[value=\"planets\"]').check();\ncy.get('#query').type('Hoth');\ncy.get('[type=\"submit\"]').click();\ncy.get('#planet_name').should('contain', 'Hoth');",
              "err": {},
              "uuid": "59d15797-2096-46ad-9e6a-23a9e7daa186",
              "parentUUID": "9905454f-6b9a-4827-8447-4468f80b4bcb",
              "isHook": false,
              "skipped": false
            },
            {
              "title": "should return not found for invalid planet",
              "fullTitle": "Search for planet should return not found for invalid planet",
              "timedOut": null,
              "duration": 1460,
              "state": "passed",
              "speed": "fast",
              "pass": true,
              "fail": false,
              "pending": false,
              "context": null,
              "code": "cy.visit('/');\ncy.get('input[value=\"planets\"]').check();\ncy.get('#query').type('invalid');\ncy.get('[type=\"submit\"]').click();\ncy.get('#message').should('contain', 'Not found.');",
              "err": {},
              "uuid": "ab89a793-00f2-464b-8cee-54f2b23202d6",
              "parentUUID": "9905454f-6b9a-4827-8447-4468f80b4bcb",
              "isHook": false,
              "skipped": false
            },
            {
              "title": "switch to search for a planet with a character name",
              "fullTitle": "Search for planet switch to search for a planet with a character name",
              "timedOut": null,
              "duration": 4915,
              "state": "passed",
              "speed": "fast",
              "pass": true,
              "fail": false,
              "pending": false,
              "context": null,
              "code": "cy.visit('/');\ncy.get('#query').type('Dart{enter}');\ncy.get('app-character').should('have.length', 2);\ncy.get('input[value=\"planets\"]').check();\ncy.get('[type=\"submit\"]').click();\ncy.get('#message').should('contain', 'Not found.');",
              "err": {},
              "uuid": "d64eafd2-ffe1-45cf-b95c-cc2d77b3c56d",
              "parentUUID": "9905454f-6b9a-4827-8447-4468f80b4bcb",
              "isHook": false,
              "skipped": false
            }
          ],
          "suites": [],
          "passes": [
            "59d15797-2096-46ad-9e6a-23a9e7daa186",
            "ab89a793-00f2-464b-8cee-54f2b23202d6",
            "d64eafd2-ffe1-45cf-b95c-cc2d77b3c56d"
          ],
          "failures": [],
          "pending": [],
          "skipped": [],
          "duration": 8049,
          "root": false,
          "rootEmpty": false,
          "_timeout": 2000
        }
      ],
      "passes": [],
      "failures": [],
      "pending": [],
      "skipped": [],
      "duration": 0,
      "root": true,
      "rootEmpty": true,
      "_timeout": 2000
    }
  ],
  "meta": {
    "mocha": {
      "version": "7.0.1"
    },
    "mochawesome": {
      "options": {
        "quiet": false,
        "reportFilename": "mochawesome",
        "saveHtml": false,
        "saveJson": true,
        "consoleReporter": "spec",
        "useInlineDiffs": false,
        "code": true
      },
      "version": "7.1.3"
    },
    "marge": {
      "options": {
        "reportDir": "cypress/results",
        "overwrite": false,
        "html": false,
        "json": true
      },
      "version": "6.2.0"
    }
  }
}